  Control.cpp
E:\Kolledge\2 course\ooprog\Practic_americanBase\Practic_americanBase\Human.h(5,22): error C2504: 'Entity': base class undefined
  (compiling source file 'Control.cpp')
  
E:\Kolledge\2 course\ooprog\Practic_americanBase\Practic_americanBase\Human.h(24,7): error C3668: 'Human::arrive': method with override specifier 'override' did not override any base class methods
  (compiling source file 'Control.cpp')
  
E:\Kolledge\2 course\ooprog\Practic_americanBase\Practic_americanBase\Human.h(28,7): error C3668: 'Human::leave': method with override specifier 'override' did not override any base class methods
  (compiling source file 'Control.cpp')
  
E:\Kolledge\2 course\ooprog\Practic_americanBase\Practic_americanBase\Human.h(12,3): error C2065: 'cout': undeclared identifier
  (compiling source file 'Control.cpp')
  
E:\Kolledge\2 course\ooprog\Practic_americanBase\Practic_americanBase\Human.h(14,3): error C2065: 'cout': undeclared identifier
  (compiling source file 'Control.cpp')
  
E:\Kolledge\2 course\ooprog\Practic_americanBase\Practic_americanBase\Human.h(16,3): error C2065: 'cout': undeclared identifier
  (compiling source file 'Control.cpp')
  
E:\Kolledge\2 course\ooprog\Practic_americanBase\Practic_americanBase\Human.h(17,6): error C2676: binary '>>': 'std::istream' does not define this operator or a conversion to a type acceptable to the predefined operator
  (compiling source file 'Control.cpp')
      C:\Program Files\Microsoft Visual Studio\2022\Community\VC\Tools\MSVC\14.44.35207\include\xstring(3395,32):
      could be 'std::basic_istream<_Elem,_Traits> &std::operator >>(std::basic_istream<_Elem,_Traits> &,std::basic_string<_Elem,_Traits,_Alloc> &)'
          E:\Kolledge\2 course\ooprog\Practic_americanBase\Practic_americanBase\Human.h(17,3):
          'std::basic_istream<_Elem,_Traits> &std::operator >>(std::basic_istream<_Elem,_Traits> &,std::basic_string<_Elem,_Traits,_Alloc> &)': could not deduce template argument for 'std::basic_string<_Elem,_Traits,_Alloc> &' from 'int'
  
E:\Kolledge\2 course\ooprog\Practic_americanBase\Practic_americanBase\Human.h(21,12): error C2614: 'Human': illegal member initialization: 'Entity' is not a base or member
  (compiling source file 'Control.cpp')
  
E:\Kolledge\2 course\ooprog\Practic_americanBase\Practic_americanBase\Human.h(22,47): error C2614: 'Human': illegal member initialization: 'Entity' is not a base or member
  (compiling source file 'Control.cpp')
  
E:\Kolledge\2 course\ooprog\Practic_americanBase\Practic_americanBase\Human.h(23,62): error C2614: 'Human': illegal member initialization: 'Entity' is not a base or member
  (compiling source file 'Control.cpp')
  
E:\Kolledge\2 course\ooprog\Practic_americanBase\Practic_americanBase\Human.h(25,7): error C2065: 'isActive': undeclared identifier
  (compiling source file 'Control.cpp')
  
E:\Kolledge\2 course\ooprog\Practic_americanBase\Practic_americanBase\Human.h(26,3): error C2065: 'isActive': undeclared identifier
  (compiling source file 'Control.cpp')
  
E:\Kolledge\2 course\ooprog\Practic_americanBase\Practic_americanBase\Human.h(29,8): error C2065: 'isActive': undeclared identifier
  (compiling source file 'Control.cpp')
  
E:\Kolledge\2 course\ooprog\Practic_americanBase\Practic_americanBase\Human.h(30,7): error C2653: 'Base': is not a class or namespace name
  (compiling source file 'Control.cpp')
  
E:\Kolledge\2 course\ooprog\Practic_americanBase\Practic_americanBase\Human.h(30,13): error C3861: 'getPeople': identifier not found
  (compiling source file 'Control.cpp')
  
E:\Kolledge\2 course\ooprog\Practic_americanBase\Practic_americanBase\Human.h(31,3): error C2065: 'isActive': undeclared identifier
  (compiling source file 'Control.cpp')
  
E:\Kolledge\2 course\ooprog\Practic_americanBase\Practic_americanBase\Human.h(32,3): error C2653: 'Base': is not a class or namespace name
  (compiling source file 'Control.cpp')
  
E:\Kolledge\2 course\ooprog\Practic_americanBase\Practic_americanBase\Human.h(32,19): error C2653: 'Base': is not a class or namespace name
  (compiling source file 'Control.cpp')
  
E:\Kolledge\2 course\ooprog\Practic_americanBase\Practic_americanBase\Human.h(32,25): error C3861: 'getPeople': identifier not found
  (compiling source file 'Control.cpp')
  
E:\Kolledge\2 course\ooprog\Practic_americanBase\Practic_americanBase\Human.h(32,9): error C3861: 'setPeople': identifier not found
  (compiling source file 'Control.cpp')
  
E:\Kolledge\2 course\ooprog\Practic_americanBase\Practic_americanBase\Human.h(36,3): error C2065: 'cout': undeclared identifier
  (compiling source file 'Control.cpp')
  
E:\Kolledge\2 course\ooprog\Practic_americanBase\Practic_americanBase\Human.h(36,85): error C2065: 'isActive': undeclared identifier
  (compiling source file 'Control.cpp')
  
E:\Kolledge\2 course\ooprog\Practic_americanBase\Practic_americanBase\Human.h(39,3): error C2065: 'cout': undeclared identifier
  (compiling source file 'Control.cpp')
  
E:\Kolledge\2 course\ooprog\Practic_americanBase\Practic_americanBase\Vehicle.h(14,3): error C2065: 'cout': undeclared identifier
  (compiling source file 'Control.cpp')
  
E:\Kolledge\2 course\ooprog\Practic_americanBase\Practic_americanBase\Vehicle.h(15,6): error C2676: binary '>>': 'std::istream' does not define this operator or a conversion to a type acceptable to the predefined operator
  (compiling source file 'Control.cpp')
      C:\Program Files\Microsoft Visual Studio\2022\Community\VC\Tools\MSVC\14.44.35207\include\xstring(3395,32):
      could be 'std::basic_istream<_Elem,_Traits> &std::operator >>(std::basic_istream<_Elem,_Traits> &,std::basic_string<_Elem,_Traits,_Alloc> &)'
          E:\Kolledge\2 course\ooprog\Practic_americanBase\Practic_americanBase\Vehicle.h(15,3):
          'std::basic_istream<_Elem,_Traits> &std::operator >>(std::basic_istream<_Elem,_Traits> &,std::basic_string<_Elem,_Traits,_Alloc> &)': could not deduce template argument for 'std::basic_string<_Elem,_Traits,_Alloc> &' from 'double'
  
E:\Kolledge\2 course\ooprog\Practic_americanBase\Practic_americanBase\Vehicle.h(16,3): error C2065: 'cout': undeclared identifier
  (compiling source file 'Control.cpp')
  
E:\Kolledge\2 course\ooprog\Practic_americanBase\Practic_americanBase\Vehicle.h(17,6): error C2676: binary '>>': 'std::istream' does not define this operator or a conversion to a type acceptable to the predefined operator
  (compiling source file 'Control.cpp')
      C:\Program Files\Microsoft Visual Studio\2022\Community\VC\Tools\MSVC\14.44.35207\include\xstring(3395,32):
      could be 'std::basic_istream<_Elem,_Traits> &std::operator >>(std::basic_istream<_Elem,_Traits> &,std::basic_string<_Elem,_Traits,_Alloc> &)'
          E:\Kolledge\2 course\ooprog\Practic_americanBase\Practic_americanBase\Vehicle.h(17,3):
          'std::basic_istream<_Elem,_Traits> &std::operator >>(std::basic_istream<_Elem,_Traits> &,std::basic_string<_Elem,_Traits,_Alloc> &)': could not deduce template argument for 'std::basic_string<_Elem,_Traits,_Alloc> &' from 'double'
  
E:\Kolledge\2 course\ooprog\Practic_americanBase\Practic_americanBase\Vehicle.h(18,3): error C2065: 'cout': undeclared identifier
  (compiling source file 'Control.cpp')
  
E:\Kolledge\2 course\ooprog\Practic_americanBase\Practic_americanBase\Vehicle.h(19,6): error C2676: binary '>>': 'std::istream' does not define this operator or a conversion to a type acceptable to the predefined operator
  (compiling source file 'Control.cpp')
      C:\Program Files\Microsoft Visual Studio\2022\Community\VC\Tools\MSVC\14.44.35207\include\xstring(3395,32):
      could be 'std::basic_istream<_Elem,_Traits> &std::operator >>(std::basic_istream<_Elem,_Traits> &,std::basic_string<_Elem,_Traits,_Alloc> &)'
          E:\Kolledge\2 course\ooprog\Practic_americanBase\Practic_americanBase\Vehicle.h(19,3):
          'std::basic_istream<_Elem,_Traits> &std::operator >>(std::basic_istream<_Elem,_Traits> &,std::basic_string<_Elem,_Traits,_Alloc> &)': could not deduce template argument for 'std::basic_string<_Elem,_Traits,_Alloc> &' from 'double'
  
E:\Kolledge\2 course\ooprog\Practic_americanBase\Practic_americanBase\Vehicle.h(83,3): error C2653: 'Base': is not a class or namespace name
  (compiling source file 'Control.cpp')
  
E:\Kolledge\2 course\ooprog\Practic_americanBase\Practic_americanBase\Vehicle.h(83,21): error C2653: 'Base': is not a class or namespace name
  (compiling source file 'Control.cpp')
  
E:\Kolledge\2 course\ooprog\Practic_americanBase\Practic_americanBase\Vehicle.h(83,27): error C3861: 'getVehicles': identifier not found
  (compiling source file 'Control.cpp')
  
E:\Kolledge\2 course\ooprog\Practic_americanBase\Practic_americanBase\Vehicle.h(83,9): error C3861: 'setVehicles': identifier not found
  (compiling source file 'Control.cpp')
  
E:\Kolledge\2 course\ooprog\Practic_americanBase\Practic_americanBase\Vehicle.h(84,3): error C2653: 'Base': is not a class or namespace name
  (compiling source file 'Control.cpp')
  
E:\Kolledge\2 course\ooprog\Practic_americanBase\Practic_americanBase\Vehicle.h(84,19): error C2653: 'Base': is not a class or namespace name
  (compiling source file 'Control.cpp')
  
E:\Kolledge\2 course\ooprog\Practic_americanBase\Practic_americanBase\Vehicle.h(84,25): error C3861: 'getPeople': identifier not found
  (compiling source file 'Control.cpp')
  
E:\Kolledge\2 course\ooprog\Practic_americanBase\Practic_americanBase\Vehicle.h(84,9): error C3861: 'setPeople': identifier not found
  (compiling source file 'Control.cpp')
  
E:\Kolledge\2 course\ooprog\Practic_americanBase\Practic_americanBase\Vehicle.h(92,7): error C2653: 'Base': is not a class or namespace name
  (compiling source file 'Control.cpp')
  
E:\Kolledge\2 course\ooprog\Practic_americanBase\Practic_americanBase\Vehicle.h(92,13): error C3861: 'getVehicles': identifier not found
  (compiling source file 'Control.cpp')
  
E:\Kolledge\2 course\ooprog\Practic_americanBase\Practic_americanBase\Vehicle.h(93,30): error C2653: 'Base': is not a class or namespace name
  (compiling source file 'Control.cpp')
  
E:\Kolledge\2 course\ooprog\Practic_americanBase\Practic_americanBase\Vehicle.h(93,36): error C3861: 'getPetrol': identifier not found
  (compiling source file 'Control.cpp')
  
E:\Kolledge\2 course\ooprog\Practic_americanBase\Practic_americanBase\Vehicle.h(95,31): error C2653: 'Base': is not a class or namespace name
  (compiling source file 'Control.cpp')
  
E:\Kolledge\2 course\ooprog\Practic_americanBase\Practic_americanBase\Vehicle.h(95,37): error C3861: 'getPetrol': identifier not found
  (compiling source file 'Control.cpp')
  
E:\Kolledge\2 course\ooprog\Practic_americanBase\Practic_americanBase\Vehicle.h(97,5): error C2653: 'Base': is not a class or namespace name
  (compiling source file 'Control.cpp')
  
E:\Kolledge\2 course\ooprog\Practic_americanBase\Practic_americanBase\Vehicle.h(97,21): error C2653: 'Base': is not a class or namespace name
  (compiling source file 'Control.cpp')
  
E:\Kolledge\2 course\ooprog\Practic_americanBase\Practic_americanBase\Vehicle.h(97,27): error C3861: 'getPetrol': identifier not found
  (compiling source file 'Control.cpp')
  
E:\Kolledge\2 course\ooprog\Practic_americanBase\Practic_americanBase\Vehicle.h(97,11): error C3861: 'setPetrol': identifier not found
  (compiling source file 'Control.cpp')
  
E:\Kolledge\2 course\ooprog\Practic_americanBase\Practic_americanBase\Vehicle.h(104,3): error C2653: 'Base': is not a class or namespace name
  (compiling source file 'Control.cpp')
  
E:\Kolledge\2 course\ooprog\Practic_americanBase\Practic_americanBase\Vehicle.h(104,21): error C2653: 'Base': is not a class or namespace name
  (compiling source file 'Control.cpp')
  
E:\Kolledge\2 course\ooprog\Practic_americanBase\Practic_americanBase\Vehicle.h(104,27): error C3861: 'getVehicles': identifier not found
  (compiling source file 'Control.cpp')
  
E:\Kolledge\2 course\ooprog\Practic_americanBase\Practic_americanBase\Vehicle.h(104,9): error C3861: 'setVehicles': identifier not found
  (compiling source file 'Control.cpp')
  
E:\Kolledge\2 course\ooprog\Practic_americanBase\Practic_americanBase\Vehicle.h(105,3): error C2653: 'Base': is not a class or namespace name
  (compiling source file 'Control.cpp')
  
E:\Kolledge\2 course\ooprog\Practic_americanBase\Practic_americanBase\Vehicle.h(105,19): error C2653: 'Base': is not a class or namespace name
  (compiling source file 'Control.cpp')
  
E:\Kolledge\2 course\ooprog\Practic_americanBase\Practic_americanBase\Vehicle.h(105,25): error C3861: 'getPeople': identifier not found
  (compiling source file 'Control.cpp')
  
E:\Kolledge\2 course\ooprog\Practic_americanBase\Practic_americanBase\Vehicle.h(105,9): error C3861: 'setPeople': identifier not found
  (compiling source file 'Control.cpp')
  
E:\Kolledge\2 course\ooprog\Practic_americanBase\Practic_americanBase\Vehicle.h(112,3): error C2065: 'cout': undeclared identifier
  (compiling source file 'Control.cpp')
  
E:\Kolledge\2 course\ooprog\Practic_americanBase\Practic_americanBase\Vehicle.h(117,4): error C2065: 'cout': undeclared identifier
  (compiling source file 'Control.cpp')
  
E:\Kolledge\2 course\ooprog\Practic_americanBase\Practic_americanBase\Vehicle.h(119,3): error C2065: 'cout': undeclared identifier
  (compiling source file 'Control.cpp')
  
E:\Kolledge\2 course\ooprog\Practic_americanBase\Practic_americanBase\Base.h(115,23): warning C4267: 'return': conversion from 'size_t' to 'int', possible loss of data
  (compiling source file 'Control.cpp')
  
E:\Kolledge\2 course\ooprog\Practic_americanBase\Practic_americanBase\Control.cpp(27,49): warning C4305: 'argument': truncation from 'int' to 'bool'
E:\Kolledge\2 course\ooprog\Practic_americanBase\Practic_americanBase\Control.cpp(28,55): warning C4244: 'argument': conversion from 'double' to 'int', possible loss of data
E:\Kolledge\2 course\ooprog\Practic_americanBase\Practic_americanBase\Control.cpp(28,45): warning C4305: 'argument': truncation from 'int' to 'bool'
E:\Kolledge\2 course\ooprog\Practic_americanBase\Practic_americanBase\Control.cpp(29,49): warning C4305: 'argument': truncation from 'int' to 'bool'
E:\Kolledge\2 course\ooprog\Practic_americanBase\Practic_americanBase\Control.cpp(30,55): warning C4244: 'argument': conversion from 'double' to 'int', possible loss of data
E:\Kolledge\2 course\ooprog\Practic_americanBase\Practic_americanBase\Control.cpp(30,45): warning C4305: 'argument': truncation from 'int' to 'bool'
E:\Kolledge\2 course\ooprog\Practic_americanBase\Practic_americanBase\Control.cpp(31,49): warning C4305: 'argument': truncation from 'int' to 'bool'
E:\Kolledge\2 course\ooprog\Practic_americanBase\Practic_americanBase\Control.cpp(32,55): warning C4244: 'argument': conversion from 'double' to 'int', possible loss of data
E:\Kolledge\2 course\ooprog\Practic_americanBase\Practic_americanBase\Control.cpp(32,45): warning C4305: 'argument': truncation from 'int' to 'bool'
E:\Kolledge\2 course\ooprog\Practic_americanBase\Practic_americanBase\Control.cpp(45,9): error C2374: 'index': redefinition; multiple initialization
      E:\Kolledge\2 course\ooprog\Practic_americanBase\Practic_americanBase\Control.cpp(42,9):
      see declaration of 'index'
  
E:\Kolledge\2 course\ooprog\Practic_americanBase\Practic_americanBase\Control.cpp(45,9): error C2086: 'size_t index': redefinition
      E:\Kolledge\2 course\ooprog\Practic_americanBase\Practic_americanBase\Control.cpp(42,9):
      see declaration of 'index'
  
